<!DOCTYPE html PUBLIC "-//W3C//DTD XHTML 1.0 Transitional//EN" "http://www.w3.org/TR/xhtml1/DTD/xhtml1-transitional.dtd">
<html xmlns="http://www.w3.org/1999/xhtml">
<head>
<meta http-equiv="Content-Type" content="text/xhtml;charset=UTF-8"/>
<meta http-equiv="X-UA-Compatible" content="IE=9"/>
<meta name="generator" content="Doxygen 1.8.14"/>
<meta name="viewport" content="width=device-width, initial-scale=1"/>
<title>Documentation: –°–±–æ—Ä–∫–∞ —Å–∫—Ä–∏–ø—Ç–æ–º BuildAll</title>
<link href="tabs.css" rel="stylesheet" type="text/css"/>
<script type="text/javascript" src="jquery.js"></script>
<script type="text/javascript" src="dynsections.js"></script>
<link href="navtree.css" rel="stylesheet" type="text/css"/>
<script type="text/javascript" src="resize.js"></script>
<script type="text/javascript" src="navtreedata.js"></script>
<script type="text/javascript" src="navtree.js"></script>
<script type="text/javascript">
/* @license magnet:?xt=urn:btih:cf05388f2679ee054f2beb29a391d25f4e673ac3&amp;dn=gpl-2.0.txt GPL-v2 */
  $(document).ready(initResizable);
/* @license-end */</script>
<link href="search/search.css" rel="stylesheet" type="text/css"/>
<script type="text/javascript" src="search/searchdata.js"></script>
<script type="text/javascript" src="search/search.js"></script>
<link href="doxygen.css" rel="stylesheet" type="text/css" />
</head>
<body>
<div id="top"><!-- do not remove this div, it is closed by doxygen! -->
<div id="titlearea">
<table cellspacing="0" cellpadding="0">
 <tbody>
 <tr style="height: 56px;">
  <td id="projectlogo"><img alt="Logo" src="Title.png"/></td>
  <td id="projectalign" style="padding-left: 0.5em;">
   <div id="projectname">Documentation
   &#160;<span id="projectnumber">Version: 2.1.0 Revision: 396 Platform: x64 Build: 12:33 06.06.2018</span>
   </div>
   <div id="projectbrief">¶®¯¸ı® documentation solution architecture.</div>
  </td>
 </tr>
 </tbody>
</table>
</div>
<!-- end header part -->
<!-- –°–æ–∑–¥–∞–Ω–æ —Å–∏—Å—Ç–µ–º–æ–π Doxygen 1.8.14 -->
<script type="text/javascript">
/* @license magnet:?xt=urn:btih:cf05388f2679ee054f2beb29a391d25f4e673ac3&amp;dn=gpl-2.0.txt GPL-v2 */
var searchBox = new SearchBox("searchBox", "search",false,'–ü–æ–∏—Å–∫');
/* @license-end */
</script>
<script type="text/javascript" src="menudata.js"></script>
<script type="text/javascript" src="menu.js"></script>
<script type="text/javascript">
/* @license magnet:?xt=urn:btih:cf05388f2679ee054f2beb29a391d25f4e673ac3&amp;dn=gpl-2.0.txt GPL-v2 */
$(function() {
  initMenu('',true,false,'search.php','–ü–æ–∏—Å–∫');
  $(document).ready(function() { init_search(); });
});
/* @license-end */</script>
<div id="main-nav"></div>
</div><!-- top -->
<div id="side-nav" class="ui-resizable side-nav-resizable">
  <div id="nav-tree">
    <div id="nav-tree-contents">
      <div id="nav-sync" class="sync"></div>
    </div>
  </div>
  <div id="splitbar" style="-moz-user-select:none;" 
       class="ui-resizable-handle">
  </div>
</div>
<script type="text/javascript">
/* @license magnet:?xt=urn:btih:cf05388f2679ee054f2beb29a391d25f4e673ac3&amp;dn=gpl-2.0.txt GPL-v2 */
$(document).ready(function(){initNavTree('a30820.html','');});
/* @license-end */
</script>
<div id="doc-content">
<!-- window showing the filter options -->
<div id="MSearchSelectWindow"
     onmouseover="return searchBox.OnSearchSelectShow()"
     onmouseout="return searchBox.OnSearchSelectHide()"
     onkeydown="return searchBox.OnSearchSelectKey(event)">
</div>

<!-- iframe showing the search results (closed by default) -->
<div id="MSearchResultsWindow">
<iframe src="javascript:void(0)" frameborder="0" 
        name="MSearchResults" id="MSearchResults">
</iframe>
</div>

<div class="header">
  <div class="headertitle">
<div class="title">–°–±–æ—Ä–∫–∞ —Å–∫—Ä–∏–ø—Ç–æ–º BuildAll </div>  </div>
</div><!--header-->
<div class="contents">
<div class="textblock"><h2>–õ–æ–≥ –ø–æ—Å–ª–µ–¥–Ω–µ–π —Å–±–æ—Ä–∫–∏ —Ä–µ—à–µ–Ω–∏—è </h2>
EXEC : error C0000: p:\projects\alicorn\solution\solution\externals\alicorn\source\include\alicorn\details\from-file.inl(50): File not open: P:\projects\Documentation\Solution\Solution\(Documentation)\MSBuild.result.txt [P:\projects\Documentation\Solution\Build\BuildAll\BuildAll.vcxproj]
C:\Program Files (x86)\Microsoft Visual Studio\2017\Community\Common7\IDE\VC\VCTargets\Microsoft.CppCommon.targets(133,5): error MSB3073: –≤—ã—Ö–æ–¥ –∏–∑ –∫–æ–º–∞–Ω–¥—ã " [P:\projects\Documentation\Solution\Build\BuildAll\BuildAll.vcxproj]
C:\Program Files (x86)\Microsoft Visual Studio\2017\Community\Common7\IDE\VC\VCTargets\Microsoft.CppCommon.targets(133,5): error MSB3073:  [P:\projects\Documentation\Solution\Build\BuildAll\BuildAll.vcxproj]
C:\Program Files (x86)\Microsoft Visual Studio\2017\Community\Common7\IDE\VC\VCTargets\Microsoft.CppCommon.targets(133,5): error MSB3073:  [P:\projects\Documentation\Solution\Build\BuildAll\BuildAll.vcxproj]
C:\Program Files (x86)\Microsoft Visual Studio\2017\Community\Common7\IDE\VC\VCTargets\Microsoft.CppCommon.targets(133,5): error MSB3073:  [P:\projects\Documentation\Solution\Build\BuildAll\BuildAll.vcxproj]
C:\Program Files (x86)\Microsoft Visual Studio\2017\Community\Common7\IDE\VC\VCTargets\Microsoft.CppCommon.targets(133,5): error MSB3073: if "No" == "No" goto EndSdkVersionsFile [P:\projects\Documentation\Solution\Build\BuildAll\BuildAll.vcxproj]
C:\Program Files (x86)\Microsoft Visual Studio\2017\Community\Common7\IDE\VC\VCTargets\Microsoft.CppCommon.targets(133,5): error MSB3073:  [P:\projects\Documentation\Solution\Build\BuildAll\BuildAll.vcxproj]
C:\Program Files (x86)\Microsoft Visual Studio\2017\Community\Common7\IDE\VC\VCTargets\Microsoft.CppCommon.targets(133,5): error MSB3073: echo ***************************** Build SDK Versions **************************** [P:\projects\Documentation\Solution\Build\BuildAll\BuildAll.vcxproj]
C:\Program Files (x86)\Microsoft Visual Studio\2017\Community\Common7\IDE\VC\VCTargets\Microsoft.CppCommon.targets(133,5): error MSB3073:  [P:\projects\Documentation\Solution\Build\BuildAll\BuildAll.vcxproj]
C:\Program Files (x86)\Microsoft Visual Studio\2017\Community\Common7\IDE\VC\VCTargets\Microsoft.CppCommon.targets(133,5): error MSB3073: set PATH=%PATH%;""\bin [P:\projects\Documentation\Solution\Build\BuildAll\BuildAll.vcxproj]
C:\Program Files (x86)\Microsoft Visual Studio\2017\Community\Common7\IDE\VC\VCTargets\Microsoft.CppCommon.targets(133,5): error MSB3073: set PathToSdkVersionsFile=P:\projects\Documentation\Solution\SdkVersions.txt [P:\projects\Documentation\Solution\Build\BuildAll\BuildAll.vcxproj]
C:\Program Files (x86)\Microsoft Visual Studio\2017\Community\Common7\IDE\VC\VCTargets\Microsoft.CppCommon.targets(133,5): error MSB3073:  [P:\projects\Documentation\Solution\Build\BuildAll\BuildAll.vcxproj]
C:\Program Files (x86)\Microsoft Visual Studio\2017\Community\Common7\IDE\VC\VCTargets\Microsoft.CppCommon.targets(133,5): error MSB3073: ( [P:\projects\Documentation\Solution\Build\BuildAll\BuildAll.vcxproj]
C:\Program Files (x86)\Microsoft Visual Studio\2017\Community\Common7\IDE\VC\VCTargets\Microsoft.CppCommon.targets(133,5): error MSB3073: <nul set /p strTemp=Android compiler:         [P:\projects\Documentation\Solution\Build\BuildAll\BuildAll.vcxproj]
C:\Program Files (x86)\Microsoft Visual Studio\2017\Community\Common7\IDE\VC\VCTargets\Microsoft.CppCommon.targets(133,5): error MSB3073: call :EchoCompilerVersion [P:\projects\Documentation\Solution\Build\BuildAll\BuildAll.vcxproj]
C:\Program Files (x86)\Microsoft Visual Studio\2017\Community\Common7\IDE\VC\VCTargets\Microsoft.CppCommon.targets(133,5): error MSB3073: echo Android stl library:      [P:\projects\Documentation\Solution\Build\BuildAll\BuildAll.vcxproj]
C:\Program Files (x86)\Microsoft Visual Studio\2017\Community\Common7\IDE\VC\VCTargets\Microsoft.CppCommon.targets(133,5): error MSB3073: echo Android API Level:        [P:\projects\Documentation\Solution\Build\BuildAll\BuildAll.vcxproj]
C:\Program Files (x86)\Microsoft Visual Studio\2017\Community\Common7\IDE\VC\VCTargets\Microsoft.CppCommon.targets(133,5): error MSB3073: <nul set /p strTemp=Android SDK build tools:  [P:\projects\Documentation\Solution\Build\BuildAll\BuildAll.vcxproj]
C:\Program Files (x86)\Microsoft Visual Studio\2017\Community\Common7\IDE\VC\VCTargets\Microsoft.CppCommon.targets(133,5): error MSB3073: dir \build-tools /B [P:\projects\Documentation\Solution\Build\BuildAll\BuildAll.vcxproj]
C:\Program Files (x86)\Microsoft Visual Studio\2017\Community\Common7\IDE\VC\VCTargets\Microsoft.CppCommon.targets(133,5): error MSB3073: <nul set /p strTemp=Android SDK platform:     [P:\projects\Documentation\Solution\Build\BuildAll\BuildAll.vcxproj]
C:\Program Files (x86)\Microsoft Visual Studio\2017\Community\Common7\IDE\VC\VCTargets\Microsoft.CppCommon.targets(133,5): error MSB3073: dir \platforms /B [P:\projects\Documentation\Solution\Build\BuildAll\BuildAll.vcxproj]
C:\Program Files (x86)\Microsoft Visual Studio\2017\Community\Common7\IDE\VC\VCTargets\Microsoft.CppCommon.targets(133,5): error MSB3073: <nul set /p strTemp=Android NDK:              [P:\projects\Documentation\Solution\Build\BuildAll\BuildAll.vcxproj]
C:\Program Files (x86)\Microsoft Visual Studio\2017\Community\Common7\IDE\VC\VCTargets\Microsoft.CppCommon.targets(133,5): error MSB3073: call :EchoDirectoryName "" [P:\projects\Documentation\Solution\Build\BuildAll\BuildAll.vcxproj]
C:\Program Files (x86)\Microsoft Visual Studio\2017\Community\Common7\IDE\VC\VCTargets\Microsoft.CppCommon.targets(133,5): error MSB3073: <nul set /p strTemp=JDK:                      [P:\projects\Documentation\Solution\Build\BuildAll\BuildAll.vcxproj]
C:\Program Files (x86)\Microsoft Visual Studio\2017\Community\Common7\IDE\VC\VCTargets\Microsoft.CppCommon.targets(133,5): error MSB3073: call :EchoJdkVersion [P:\projects\Documentation\Solution\Build\BuildAll\BuildAll.vcxproj]
C:\Program Files (x86)\Microsoft Visual Studio\2017\Community\Common7\IDE\VC\VCTargets\Microsoft.CppCommon.targets(133,5): error MSB3073: <nul set /p strTemp=Apache Ant:               [P:\projects\Documentation\Solution\Build\BuildAll\BuildAll.vcxproj]
C:\Program Files (x86)\Microsoft Visual Studio\2017\Community\Common7\IDE\VC\VCTargets\Microsoft.CppCommon.targets(133,5): error MSB3073: call :EchoAntVersion [P:\projects\Documentation\Solution\Build\BuildAll\BuildAll.vcxproj]
C:\Program Files (x86)\Microsoft Visual Studio\2017\Community\Common7\IDE\VC\VCTargets\Microsoft.CppCommon.targets(133,5): error MSB3073: ) > %PathToSdkVersionsFile% [P:\projects\Documentation\Solution\Build\BuildAll\BuildAll.vcxproj]
C:\Program Files (x86)\Microsoft Visual Studio\2017\Community\Common7\IDE\VC\VCTargets\Microsoft.CppCommon.targets(133,5): error MSB3073:  [P:\projects\Documentation\Solution\Build\BuildAll\BuildAll.vcxproj]
C:\Program Files (x86)\Microsoft Visual Studio\2017\Community\Common7\IDE\VC\VCTargets\Microsoft.CppCommon.targets(133,5): error MSB3073: goto :EndSdkVersionsFile [P:\projects\Documentation\Solution\Build\BuildAll\BuildAll.vcxproj]
C:\Program Files (x86)\Microsoft Visual Studio\2017\Community\Common7\IDE\VC\VCTargets\Microsoft.CppCommon.targets(133,5): error MSB3073:  [P:\projects\Documentation\Solution\Build\BuildAll\BuildAll.vcxproj]
C:\Program Files (x86)\Microsoft Visual Studio\2017\Community\Common7\IDE\VC\VCTargets\Microsoft.CppCommon.targets(133,5): error MSB3073: :EchoCompilerVersion [P:\projects\Documentation\Solution\Build\BuildAll\BuildAll.vcxproj]
C:\Program Files (x86)\Microsoft Visual Studio\2017\Community\Common7\IDE\VC\VCTargets\Microsoft.CppCommon.targets(133,5): error MSB3073: for /f "tokens=1 delims=: usebackq" %%i in (` --version`) do ( [P:\projects\Documentation\Solution\Build\BuildAll\BuildAll.vcxproj]
C:\Program Files (x86)\Microsoft Visual Studio\2017\Community\Common7\IDE\VC\VCTargets\Microsoft.CppCommon.targets(133,5): error MSB3073:   echo %%i [P:\projects\Documentation\Solution\Build\BuildAll\BuildAll.vcxproj]
C:\Program Files (x86)\Microsoft Visual Studio\2017\Community\Common7\IDE\VC\VCTargets\Microsoft.CppCommon.targets(133,5): error MSB3073:   exit /b 0 [P:\projects\Documentation\Solution\Build\BuildAll\BuildAll.vcxproj]
C:\Program Files (x86)\Microsoft Visual Studio\2017\Community\Common7\IDE\VC\VCTargets\Microsoft.CppCommon.targets(133,5): error MSB3073: ) [P:\projects\Documentation\Solution\Build\BuildAll\BuildAll.vcxproj]
C:\Program Files (x86)\Microsoft Visual Studio\2017\Community\Common7\IDE\VC\VCTargets\Microsoft.CppCommon.targets(133,5): error MSB3073: exit /b 0 [P:\projects\Documentation\Solution\Build\BuildAll\BuildAll.vcxproj]
C:\Program Files (x86)\Microsoft Visual Studio\2017\Community\Common7\IDE\VC\VCTargets\Microsoft.CppCommon.targets(133,5): error MSB3073:  [P:\projects\Documentation\Solution\Build\BuildAll\BuildAll.vcxproj]
C:\Program Files (x86)\Microsoft Visual Studio\2017\Community\Common7\IDE\VC\VCTargets\Microsoft.CppCommon.targets(133,5): error MSB3073: :EchoDirectoryName [P:\projects\Documentation\Solution\Build\BuildAll\BuildAll.vcxproj]
C:\Program Files (x86)\Microsoft Visual Studio\2017\Community\Common7\IDE\VC\VCTargets\Microsoft.CppCommon.targets(133,5): error MSB3073: echo %~nx1 [P:\projects\Documentation\Solution\Build\BuildAll\BuildAll.vcxproj]
C:\Program Files (x86)\Microsoft Visual Studio\2017\Community\Common7\IDE\VC\VCTargets\Microsoft.CppCommon.targets(133,5): error MSB3073: exit /b 0 [P:\projects\Documentation\Solution\Build\BuildAll\BuildAll.vcxproj]
C:\Program Files (x86)\Microsoft Visual Studio\2017\Community\Common7\IDE\VC\VCTargets\Microsoft.CppCommon.targets(133,5): error MSB3073:  [P:\projects\Documentation\Solution\Build\BuildAll\BuildAll.vcxproj]
C:\Program Files (x86)\Microsoft Visual Studio\2017\Community\Common7\IDE\VC\VCTargets\Microsoft.CppCommon.targets(133,5): error MSB3073: :EchoJdkVersion [P:\projects\Documentation\Solution\Build\BuildAll\BuildAll.vcxproj]
C:\Program Files (x86)\Microsoft Visual Studio\2017\Community\Common7\IDE\VC\VCTargets\Microsoft.CppCommon.targets(133,5): error MSB3073: set JdkVersionFile=%TEMP%\jdk.version.txt [P:\projects\Documentation\Solution\Build\BuildAll\BuildAll.vcxproj]
C:\Program Files (x86)\Microsoft Visual Studio\2017\Community\Common7\IDE\VC\VCTargets\Microsoft.CppCommon.targets(133,5): error MSB3073: \bin\java.exe -version 2> %JdkVersionFile% [P:\projects\Documentation\Solution\Build\BuildAll\BuildAll.vcxproj]
C:\Program Files (x86)\Microsoft Visual Studio\2017\Community\Common7\IDE\VC\VCTargets\Microsoft.CppCommon.targets(133,5): error MSB3073: for /f "tokens=3" %%i in (%JdkVersionFile%) do ( [P:\projects\Documentation\Solution\Build\BuildAll\BuildAll.vcxproj]
C:\Program Files (x86)\Microsoft Visual Studio\2017\Community\Common7\IDE\VC\VCTargets\Microsoft.CppCommon.targets(133,5): error MSB3073:   echo %%~i [P:\projects\Documentation\Solution\Build\BuildAll\BuildAll.vcxproj]
C:\Program Files (x86)\Microsoft Visual Studio\2017\Community\Common7\IDE\VC\VCTargets\Microsoft.CppCommon.targets(133,5): error MSB3073:   exit /b 0 [P:\projects\Documentation\Solution\Build\BuildAll\BuildAll.vcxproj]
C:\Program Files (x86)\Microsoft Visual Studio\2017\Community\Common7\IDE\VC\VCTargets\Microsoft.CppCommon.targets(133,5): error MSB3073: ) [P:\projects\Documentation\Solution\Build\BuildAll\BuildAll.vcxproj]
C:\Program Files (x86)\Microsoft Visual Studio\2017\Community\Common7\IDE\VC\VCTargets\Microsoft.CppCommon.targets(133,5): error MSB3073: exit /b 0 [P:\projects\Documentation\Solution\Build\BuildAll\BuildAll.vcxproj]
C:\Program Files (x86)\Microsoft Visual Studio\2017\Community\Common7\IDE\VC\VCTargets\Microsoft.CppCommon.targets(133,5): error MSB3073:  [P:\projects\Documentation\Solution\Build\BuildAll\BuildAll.vcxproj]
C:\Program Files (x86)\Microsoft Visual Studio\2017\Community\Common7\IDE\VC\VCTargets\Microsoft.CppCommon.targets(133,5): error MSB3073: :EchoAntVersion [P:\projects\Documentation\Solution\Build\BuildAll\BuildAll.vcxproj]
C:\Program Files (x86)\Microsoft Visual Studio\2017\Community\Common7\IDE\VC\VCTargets\Microsoft.CppCommon.targets(133,5): error MSB3073: for /f "tokens=3,4 usebackq" %%i in (`call ant.bat -version`) do ( [P:\projects\Documentation\Solution\Build\BuildAll\BuildAll.vcxproj]
C:\Program Files (x86)\Microsoft Visual Studio\2017\Community\Common7\IDE\VC\VCTargets\Microsoft.CppCommon.targets(133,5): error MSB3073:   if "%%i"=="version" ( [P:\projects\Documentation\Solution\Build\BuildAll\BuildAll.vcxproj]
C:\Program Files (x86)\Microsoft Visual Studio\2017\Community\Common7\IDE\VC\VCTargets\Microsoft.CppCommon.targets(133,5): error MSB3073:     echo %%j [P:\projects\Documentation\Solution\Build\BuildAll\BuildAll.vcxproj]
C:\Program Files (x86)\Microsoft Visual Studio\2017\Community\Common7\IDE\VC\VCTargets\Microsoft.CppCommon.targets(133,5): error MSB3073:     exit /b 0 [P:\projects\Documentation\Solution\Build\BuildAll\BuildAll.vcxproj]
C:\Program Files (x86)\Microsoft Visual Studio\2017\Community\Common7\IDE\VC\VCTargets\Microsoft.CppCommon.targets(133,5): error MSB3073:   ) [P:\projects\Documentation\Solution\Build\BuildAll\BuildAll.vcxproj]
C:\Program Files (x86)\Microsoft Visual Studio\2017\Community\Common7\IDE\VC\VCTargets\Microsoft.CppCommon.targets(133,5): error MSB3073: ) [P:\projects\Documentation\Solution\Build\BuildAll\BuildAll.vcxproj]
C:\Program Files (x86)\Microsoft Visual Studio\2017\Community\Common7\IDE\VC\VCTargets\Microsoft.CppCommon.targets(133,5): error MSB3073: exit /b 0 [P:\projects\Documentation\Solution\Build\BuildAll\BuildAll.vcxproj]
C:\Program Files (x86)\Microsoft Visual Studio\2017\Community\Common7\IDE\VC\VCTargets\Microsoft.CppCommon.targets(133,5): error MSB3073:  [P:\projects\Documentation\Solution\Build\BuildAll\BuildAll.vcxproj]
C:\Program Files (x86)\Microsoft Visual Studio\2017\Community\Common7\IDE\VC\VCTargets\Microsoft.CppCommon.targets(133,5): error MSB3073: :EndSdkVersionsFile [P:\projects\Documentation\Solution\Build\BuildAll\BuildAll.vcxproj]
C:\Program Files (x86)\Microsoft Visual Studio\2017\Community\Common7\IDE\VC\VCTargets\Microsoft.CppCommon.targets(133,5): error MSB3073:  [P:\projects\Documentation\Solution\Build\BuildAll\BuildAll.vcxproj]
C:\Program Files (x86)\Microsoft Visual Studio\2017\Community\Common7\IDE\VC\VCTargets\Microsoft.CppCommon.targets(133,5): error MSB3073:  [P:\projects\Documentation\Solution\Build\BuildAll\BuildAll.vcxproj]
C:\Program Files (x86)\Microsoft Visual Studio\2017\Community\Common7\IDE\VC\VCTargets\Microsoft.CppCommon.targets(133,5): error MSB3073: echo **************************** Processing build log *************************** [P:\projects\Documentation\Solution\Build\BuildAll\BuildAll.vcxproj]
C:\Program Files (x86)\Microsoft Visual Studio\2017\Community\Common7\IDE\VC\VCTargets\Microsoft.CppCommon.targets(133,5): error MSB3073:  [P:\projects\Documentation\Solution\Build\BuildAll\BuildAll.vcxproj]
C:\Program Files (x86)\Microsoft Visual Studio\2017\Community\Common7\IDE\VC\VCTargets\Microsoft.CppCommon.targets(133,5): error MSB3073: set PROCESSING_REPORT_RUN="P:\projects\Documentation\Debug\Bin\x64\Documentation.exe" [P:\projects\Documentation\Solution\Build\BuildAll\BuildAll.vcxproj]
C:\Program Files (x86)\Microsoft Visual Studio\2017\Community\Common7\IDE\VC\VCTargets\Microsoft.CppCommon.targets(133,5): error MSB3073: set PATH_TO_REPORT=P:\projects\Documentation\Solution\Solution\^(Documentation^)\MSBuild.result.txt [P:\projects\Documentation\Solution\Build\BuildAll\BuildAll.vcxproj]
C:\Program Files (x86)\Microsoft Visual Studio\2017\Community\Common7\IDE\VC\VCTargets\Microsoft.CppCommon.targets(133,5): error MSB3073:  [P:\projects\Documentation\Solution\Build\BuildAll\BuildAll.vcxproj]
C:\Program Files (x86)\Microsoft Visual Studio\2017\Community\Common7\IDE\VC\VCTargets\Microsoft.CppCommon.targets(133,5): error MSB3073: %PROCESSING_REPORT_RUN% --file="%PATH_TO_REPORT%" --path-to-solution=P:\projects\Documentation\ --process-report=build [P:\projects\Documentation\Solution\Build\BuildAll\BuildAll.vcxproj]
C:\Program Files (x86)\Microsoft Visual Studio\2017\Community\Common7\IDE\VC\VCTargets\Microsoft.CppCommon.targets(133,5): error MSB3073:  [P:\projects\Documentation\Solution\Build\BuildAll\BuildAll.vcxproj]
C:\Program Files (x86)\Microsoft Visual Studio\2017\Community\Common7\IDE\VC\VCTargets\Microsoft.CppCommon.targets(133,5): error MSB3073:  [P:\projects\Documentation\Solution\Build\BuildAll\BuildAll.vcxproj]
C:\Program Files (x86)\Microsoft Visual Studio\2017\Community\Common7\IDE\VC\VCTargets\Microsoft.CppCommon.targets(133,5): error MSB3073: set PathToVersionExe=P:\projects\Documentation\Debug\Bin\x64\Version.exe [P:\projects\Documentation\Solution\Build\BuildAll\BuildAll.vcxproj]
C:\Program Files (x86)\Microsoft Visual Studio\2017\Community\Common7\IDE\VC\VCTargets\Microsoft.CppCommon.targets(133,5): error MSB3073: set PathToVersionHpp=P:\projects\Documentation\Solution\Version.hpp [P:\projects\Documentation\Solution\Build\BuildAll\BuildAll.vcxproj]
C:\Program Files (x86)\Microsoft Visual Studio\2017\Community\Common7\IDE\VC\VCTargets\Microsoft.CppCommon.targets(133,5): error MSB3073:  [P:\projects\Documentation\Solution\Build\BuildAll\BuildAll.vcxproj]
C:\Program Files (x86)\Microsoft Visual Studio\2017\Community\Common7\IDE\VC\VCTargets\Microsoft.CppCommon.targets(133,5): error MSB3073: echo. [P:\projects\Documentation\Solution\Build\BuildAll\BuildAll.vcxproj]
C:\Program Files (x86)\Microsoft Visual Studio\2017\Community\Common7\IDE\VC\VCTargets\Microsoft.CppCommon.targets(133,5): error MSB3073: echo Update revision... [P:\projects\Documentation\Solution\Build\BuildAll\BuildAll.vcxproj]
C:\Program Files (x86)\Microsoft Visual Studio\2017\Community\Common7\IDE\VC\VCTargets\Microsoft.CppCommon.targets(133,5): error MSB3073: %PathToVersionExe% --file=%PathToVersionHpp% --update --configuration=x64 [P:\projects\Documentation\Solution\Build\BuildAll\BuildAll.vcxproj]
C:\Program Files (x86)\Microsoft Visual Studio\2017\Community\Common7\IDE\VC\VCTargets\Microsoft.CppCommon.targets(133,5): error MSB3073:  [P:\projects\Documentation\Solution\Build\BuildAll\BuildAll.vcxproj]
C:\Program Files (x86)\Microsoft Visual Studio\2017\Community\Common7\IDE\VC\VCTargets\Microsoft.CppCommon.targets(133,5): error MSB3073: for /f "usebackq delims=;" %%a in (`%PathToVersionExe% --file=%PathToVersionHpp% --set-environment-variables --configuration=x64`) do ( [P:\projects\Documentation\Solution\Build\BuildAll\BuildAll.vcxproj]
C:\Program Files (x86)\Microsoft Visual Studio\2017\Community\Common7\IDE\VC\VCTargets\Microsoft.CppCommon.targets(133,5): error MSB3073: %%a [P:\projects\Documentation\Solution\Build\BuildAll\BuildAll.vcxproj]
C:\Program Files (x86)\Microsoft Visual Studio\2017\Community\Common7\IDE\VC\VCTargets\Microsoft.CppCommon.targets(133,5): error MSB3073: ) [P:\projects\Documentation\Solution\Build\BuildAll\BuildAll.vcxproj]
C:\Program Files (x86)\Microsoft Visual Studio\2017\Community\Common7\IDE\VC\VCTargets\Microsoft.CppCommon.targets(133,5): error MSB3073:  [P:\projects\Documentation\Solution\Build\BuildAll\BuildAll.vcxproj]
C:\Program Files (x86)\Microsoft Visual Studio\2017\Community\Common7\IDE\VC\VCTargets\Microsoft.CppCommon.targets(133,5): error MSB3073: echo VERSION_SOLUTION: %VERSION_SOLUTION% [P:\projects\Documentation\Solution\Build\BuildAll\BuildAll.vcxproj]
C:\Program Files (x86)\Microsoft Visual Studio\2017\Community\Common7\IDE\VC\VCTargets\Microsoft.CppCommon.targets(133,5): error MSB3073:  [P:\projects\Documentation\Solution\Build\BuildAll\BuildAll.vcxproj]
C:\Program Files (x86)\Microsoft Visual Studio\2017\Community\Common7\IDE\VC\VCTargets\Microsoft.CppCommon.targets(133,5): error MSB3073:  [P:\projects\Documentation\Solution\Build\BuildAll\BuildAll.vcxproj]
C:\Program Files (x86)\Microsoft Visual Studio\2017\Community\Common7\IDE\VC\VCTargets\Microsoft.CppCommon.targets(133,5): error MSB3073: echo. [P:\projects\Documentation\Solution\Build\BuildAll\BuildAll.vcxproj]
C:\Program Files (x86)\Microsoft Visual Studio\2017\Community\Common7\IDE\VC\VCTargets\Microsoft.CppCommon.targets(133,5): error MSB3073: echo ************************* Generation documentation ************************** [P:\projects\Documentation\Solution\Build\BuildAll\BuildAll.vcxproj]
C:\Program Files (x86)\Microsoft Visual Studio\2017\Community\Common7\IDE\VC\VCTargets\Microsoft.CppCommon.targets(133,5): error MSB3073:  [P:\projects\Documentation\Solution\Build\BuildAll\BuildAll.vcxproj]
C:\Program Files (x86)\Microsoft Visual Studio\2017\Community\Common7\IDE\VC\VCTargets\Microsoft.CppCommon.targets(133,5): error MSB3073: set PathToDocumentationExe=P:\projects\Documentation\Debug\Bin\x64\Documentation.exe [P:\projects\Documentation\Solution\Build\BuildAll\BuildAll.vcxproj]
C:\Program Files (x86)\Microsoft Visual Studio\2017\Community\Common7\IDE\VC\VCTargets\Microsoft.CppCommon.targets(133,5): error MSB3073: set PathToDoxygenDirectory=P:\projects\Documentation\Solution\Solution\Externals\Utilities\Doxygen [P:\projects\Documentation\Solution\Build\BuildAll\BuildAll.vcxproj]
C:\Program Files (x86)\Microsoft Visual Studio\2017\Community\Common7\IDE\VC\VCTargets\Microsoft.CppCommon.targets(133,5): error MSB3073: set PathToIniFile="%PathToDoxygenDirectory%\universal.doxygen" [P:\projects\Documentation\Solution\Build\BuildAll\BuildAll.vcxproj]
C:\Program Files (x86)\Microsoft Visual Studio\2017\Community\Common7\IDE\VC\VCTargets\Microsoft.CppCommon.targets(133,5): error MSB3073: set PathToResultDirectory=P:\projects\Documentation\Solution\Solution\(Documentation)\html [P:\projects\Documentation\Solution\Build\BuildAll\BuildAll.vcxproj]
C:\Program Files (x86)\Microsoft Visual Studio\2017\Community\Common7\IDE\VC\VCTargets\Microsoft.CppCommon.targets(133,5): error MSB3073: set PathToLogFile="%PathToResultDirectory%\Documentation.result.txt" [P:\projects\Documentation\Solution\Build\BuildAll\BuildAll.vcxproj]
C:\Program Files (x86)\Microsoft Visual Studio\2017\Community\Common7\IDE\VC\VCTargets\Microsoft.CppCommon.targets(133,5): error MSB3073:  [P:\projects\Documentation\Solution\Build\BuildAll\BuildAll.vcxproj]
C:\Program Files (x86)\Microsoft Visual Studio\2017\Community\Common7\IDE\VC\VCTargets\Microsoft.CppCommon.targets(133,5): error MSB3073: chcp 1251 [P:\projects\Documentation\Solution\Build\BuildAll\BuildAll.vcxproj]
C:\Program Files (x86)\Microsoft Visual Studio\2017\Community\Common7\IDE\VC\VCTargets\Microsoft.CppCommon.targets(133,5): error MSB3073:  [P:\projects\Documentation\Solution\Build\BuildAll\BuildAll.vcxproj]
C:\Program Files (x86)\Microsoft Visual Studio\2017\Community\Common7\IDE\VC\VCTargets\Microsoft.CppCommon.targets(133,5): error MSB3073: echo Set environment variables... [P:\projects\Documentation\Solution\Build\BuildAll\BuildAll.vcxproj]
C:\Program Files (x86)\Microsoft Visual Studio\2017\Community\Common7\IDE\VC\VCTargets\Microsoft.CppCommon.targets(133,5): error MSB3073: for /f "usebackq delims=;" %%a in (`%PathToDocumentationExe% --file=%PathToVersionHpp% --set-environment-variables --configuration=x64`) do ( [P:\projects\Documentation\Solution\Build\BuildAll\BuildAll.vcxproj]
C:\Program Files (x86)\Microsoft Visual Studio\2017\Community\Common7\IDE\VC\VCTargets\Microsoft.CppCommon.targets(133,5): error MSB3073: %%a [P:\projects\Documentation\Solution\Build\BuildAll\BuildAll.vcxproj]
C:\Program Files (x86)\Microsoft Visual Studio\2017\Community\Common7\IDE\VC\VCTargets\Microsoft.CppCommon.targets(133,5): error MSB3073: ) [P:\projects\Documentation\Solution\Build\BuildAll\BuildAll.vcxproj]
C:\Program Files (x86)\Microsoft Visual Studio\2017\Community\Common7\IDE\VC\VCTargets\Microsoft.CppCommon.targets(133,5): error MSB3073:  [P:\projects\Documentation\Solution\Build\BuildAll\BuildAll.vcxproj]
C:\Program Files (x86)\Microsoft Visual Studio\2017\Community\Common7\IDE\VC\VCTargets\Microsoft.CppCommon.targets(133,5): error MSB3073: echo DOXYGEN_NAME: %DOXYGEN_NAME% [P:\projects\Documentation\Solution\Build\BuildAll\BuildAll.vcxproj]
C:\Program Files (x86)\Microsoft Visual Studio\2017\Community\Common7\IDE\VC\VCTargets\Microsoft.CppCommon.targets(133,5): error MSB3073: echo DOXYGEN_VERSION: %DOXYGEN_VERSION% [P:\projects\Documentation\Solution\Build\BuildAll\BuildAll.vcxproj]
C:\Program Files (x86)\Microsoft Visual Studio\2017\Community\Common7\IDE\VC\VCTargets\Microsoft.CppCommon.targets(133,5): error MSB3073: echo DOXYGEN_BRIEF: %DOXYGEN_BRIEF% [P:\projects\Documentation\Solution\Build\BuildAll\BuildAll.vcxproj]
C:\Program Files (x86)\Microsoft Visual Studio\2017\Community\Common7\IDE\VC\VCTargets\Microsoft.CppCommon.targets(133,5): error MSB3073: echo DOXYGEN_INPUT: %DOXYGEN_INPUT% [P:\projects\Documentation\Solution\Build\BuildAll\BuildAll.vcxproj]
C:\Program Files (x86)\Microsoft Visual Studio\2017\Community\Common7\IDE\VC\VCTargets\Microsoft.CppCommon.targets(133,5): error MSB3073: echo DOXYGEN_COPYRIGHT: %DOXYGEN_COPYRIGHT% [P:\projects\Documentation\Solution\Build\BuildAll\BuildAll.vcxproj]
C:\Program Files (x86)\Microsoft Visual Studio\2017\Community\Common7\IDE\VC\VCTargets\Microsoft.CppCommon.targets(133,5): error MSB3073:  [P:\projects\Documentation\Solution\Build\BuildAll\BuildAll.vcxproj]
C:\Program Files (x86)\Microsoft Visual Studio\2017\Community\Common7\IDE\VC\VCTargets\Microsoft.CppCommon.targets(133,5): error MSB3073: echo Erase files... [P:\projects\Documentation\Solution\Build\BuildAll\BuildAll.vcxproj]
C:\Program Files (x86)\Microsoft Visual Studio\2017\Community\Common7\IDE\VC\VCTargets\Microsoft.CppCommon.targets(133,5): error MSB3073: del "%PathToResultDirectory%\search\*" /S /Q > nul [P:\projects\Documentation\Solution\Build\BuildAll\BuildAll.vcxproj]
C:\Program Files (x86)\Microsoft Visual Studio\2017\Community\Common7\IDE\VC\VCTargets\Microsoft.CppCommon.targets(133,5): error MSB3073: del "%PathToResultDirectory%\*" /Q > nul [P:\projects\Documentation\Solution\Build\BuildAll\BuildAll.vcxproj]
C:\Program Files (x86)\Microsoft Visual Studio\2017\Community\Common7\IDE\VC\VCTargets\Microsoft.CppCommon.targets(133,5): error MSB3073:  [P:\projects\Documentation\Solution\Build\BuildAll\BuildAll.vcxproj]
C:\Program Files (x86)\Microsoft Visual Studio\2017\Community\Common7\IDE\VC\VCTargets\Microsoft.CppCommon.targets(133,5): error MSB3073: if ERRORLEVEL 1 ( [P:\projects\Documentation\Solution\Build\BuildAll\BuildAll.vcxproj]
C:\Program Files (x86)\Microsoft Visual Studio\2017\Community\Common7\IDE\VC\VCTargets\Microsoft.CppCommon.targets(133,5): error MSB3073: echo ... failed [%ERRORLEVEL%]. [P:\projects\Documentation\Solution\Build\BuildAll\BuildAll.vcxproj]
C:\Program Files (x86)\Microsoft Visual Studio\2017\Community\Common7\IDE\VC\VCTargets\Microsoft.CppCommon.targets(133,5): error MSB3073: goto EndDocumentation [P:\projects\Documentation\Solution\Build\BuildAll\BuildAll.vcxproj]
C:\Program Files (x86)\Microsoft Visual Studio\2017\Community\Common7\IDE\VC\VCTargets\Microsoft.CppCommon.targets(133,5): error MSB3073: ) else ( [P:\projects\Documentation\Solution\Build\BuildAll\BuildAll.vcxproj]
C:\Program Files (x86)\Microsoft Visual Studio\2017\Community\Common7\IDE\VC\VCTargets\Microsoft.CppCommon.targets(133,5): error MSB3073: echo ... successful. [P:\projects\Documentation\Solution\Build\BuildAll\BuildAll.vcxproj]
C:\Program Files (x86)\Microsoft Visual Studio\2017\Community\Common7\IDE\VC\VCTargets\Microsoft.CppCommon.targets(133,5): error MSB3073: ) [P:\projects\Documentation\Solution\Build\BuildAll\BuildAll.vcxproj]
C:\Program Files (x86)\Microsoft Visual Studio\2017\Community\Common7\IDE\VC\VCTargets\Microsoft.CppCommon.targets(133,5): error MSB3073:  [P:\projects\Documentation\Solution\Build\BuildAll\BuildAll.vcxproj]
C:\Program Files (x86)\Microsoft Visual Studio\2017\Community\Common7\IDE\VC\VCTargets\Microsoft.CppCommon.targets(133,5): error MSB3073: cd "P:\projects\Documentation\" [P:\projects\Documentation\Solution\Build\BuildAll\BuildAll.vcxproj]
C:\Program Files (x86)\Microsoft Visual Studio\2017\Community\Common7\IDE\VC\VCTargets\Microsoft.CppCommon.targets(133,5): error MSB3073:  [P:\projects\Documentation\Solution\Build\BuildAll\BuildAll.vcxproj]
C:\Program Files (x86)\Microsoft Visual Studio\2017\Community\Common7\IDE\VC\VCTargets\Microsoft.CppCommon.targets(133,5): error MSB3073: echo Build documentation... [P:\projects\Documentation\Solution\Build\BuildAll\BuildAll.vcxproj]
C:\Program Files (x86)\Microsoft Visual Studio\2017\Community\Common7\IDE\VC\VCTargets\Microsoft.CppCommon.targets(133,5): error MSB3073: %PathToDoxygenDirectory%\doxygen.exe %PathToIniFile% 2> %PathToLogFile% 1> nul [P:\projects\Documentation\Solution\Build\BuildAll\BuildAll.vcxproj]
C:\Program Files (x86)\Microsoft Visual Studio\2017\Community\Common7\IDE\VC\VCTargets\Microsoft.CppCommon.targets(133,5): error MSB3073:  [P:\projects\Documentation\Solution\Build\BuildAll\BuildAll.vcxproj]
C:\Program Files (x86)\Microsoft Visual Studio\2017\Community\Common7\IDE\VC\VCTargets\Microsoft.CppCommon.targets(133,5): error MSB3073: if ERRORLEVEL 1 ( [P:\projects\Documentation\Solution\Build\BuildAll\BuildAll.vcxproj]
C:\Program Files (x86)\Microsoft Visual Studio\2017\Community\Common7\IDE\VC\VCTargets\Microsoft.CppCommon.targets(133,5): error MSB3073: echo ... failed [%ERRORLEVEL%]. [P:\projects\Documentation\Solution\Build\BuildAll\BuildAll.vcxproj]
C:\Program Files (x86)\Microsoft Visual Studio\2017\Community\Common7\IDE\VC\VCTargets\Microsoft.CppCommon.targets(133,5): error MSB3073: goto EndDocumentation [P:\projects\Documentation\Solution\Build\BuildAll\BuildAll.vcxproj]
C:\Program Files (x86)\Microsoft Visual Studio\2017\Community\Common7\IDE\VC\VCTargets\Microsoft.CppCommon.targets(133,5): error MSB3073: ) else ( [P:\projects\Documentation\Solution\Build\BuildAll\BuildAll.vcxproj]
C:\Program Files (x86)\Microsoft Visual Studio\2017\Community\Common7\IDE\VC\VCTargets\Microsoft.CppCommon.targets(133,5): error MSB3073: echo ... successful. [P:\projects\Documentation\Solution\Build\BuildAll\BuildAll.vcxproj]
C:\Program Files (x86)\Microsoft Visual Studio\2017\Community\Common7\IDE\VC\VCTargets\Microsoft.CppCommon.targets(133,5): error MSB3073: ) [P:\projects\Documentation\Solution\Build\BuildAll\BuildAll.vcxproj]
C:\Program Files (x86)\Microsoft Visual Studio\2017\Community\Common7\IDE\VC\VCTargets\Microsoft.CppCommon.targets(133,5): error MSB3073:  [P:\projects\Documentation\Solution\Build\BuildAll\BuildAll.vcxproj]
C:\Program Files (x86)\Microsoft Visual Studio\2017\Community\Common7\IDE\VC\VCTargets\Microsoft.CppCommon.targets(133,5): error MSB3073: echo Remove missing files... [P:\projects\Documentation\Solution\Build\BuildAll\BuildAll.vcxproj]
C:\Program Files (x86)\Microsoft Visual Studio\2017\Community\Common7\IDE\VC\VCTargets\Microsoft.CppCommon.targets(133,5): error MSB3073: svn status %PathToResultDirectory% > %TEMP%\Externals.Documentation.Status.txt [P:\projects\Documentation\Solution\Build\BuildAll\BuildAll.vcxproj]
C:\Program Files (x86)\Microsoft Visual Studio\2017\Community\Common7\IDE\VC\VCTargets\Microsoft.CppCommon.targets(133,5): error MSB3073:  [P:\projects\Documentation\Solution\Build\BuildAll\BuildAll.vcxproj]
C:\Program Files (x86)\Microsoft Visual Studio\2017\Community\Common7\IDE\VC\VCTargets\Microsoft.CppCommon.targets(133,5): error MSB3073: for /f "tokens=1,2*" %%a in (%TEMP%\Externals.Documentation.Status.txt) do ( [P:\projects\Documentation\Solution\Build\BuildAll\BuildAll.vcxproj]
C:\Program Files (x86)\Microsoft Visual Studio\2017\Community\Common7\IDE\VC\VCTargets\Microsoft.CppCommon.targets(133,5): error MSB3073:  [P:\projects\Documentation\Solution\Build\BuildAll\BuildAll.vcxproj]
C:\Program Files (x86)\Microsoft Visual Studio\2017\Community\Common7\IDE\VC\VCTargets\Microsoft.CppCommon.targets(133,5): error MSB3073: if "%%a"=="!" ( [P:\projects\Documentation\Solution\Build\BuildAll\BuildAll.vcxproj]
C:\Program Files (x86)\Microsoft Visual Studio\2017\Community\Common7\IDE\VC\VCTargets\Microsoft.CppCommon.targets(133,5): error MSB3073: echo Missing: %%b [P:\projects\Documentation\Solution\Build\BuildAll\BuildAll.vcxproj]
C:\Program Files (x86)\Microsoft Visual Studio\2017\Community\Common7\IDE\VC\VCTargets\Microsoft.CppCommon.targets(133,5): error MSB3073: svn rm %%b [P:\projects\Documentation\Solution\Build\BuildAll\BuildAll.vcxproj]
C:\Program Files (x86)\Microsoft Visual Studio\2017\Community\Common7\IDE\VC\VCTargets\Microsoft.CppCommon.targets(133,5): error MSB3073: ) [P:\projects\Documentation\Solution\Build\BuildAll\BuildAll.vcxproj]
C:\Program Files (x86)\Microsoft Visual Studio\2017\Community\Common7\IDE\VC\VCTargets\Microsoft.CppCommon.targets(133,5): error MSB3073:  [P:\projects\Documentation\Solution\Build\BuildAll\BuildAll.vcxproj]
C:\Program Files (x86)\Microsoft Visual Studio\2017\Community\Common7\IDE\VC\VCTargets\Microsoft.CppCommon.targets(133,5): error MSB3073: ) [P:\projects\Documentation\Solution\Build\BuildAll\BuildAll.vcxproj]
C:\Program Files (x86)\Microsoft Visual Studio\2017\Community\Common7\IDE\VC\VCTargets\Microsoft.CppCommon.targets(133,5): error MSB3073:  [P:\projects\Documentation\Solution\Build\BuildAll\BuildAll.vcxproj]
C:\Program Files (x86)\Microsoft Visual Studio\2017\Community\Common7\IDE\VC\VCTargets\Microsoft.CppCommon.targets(133,5): error MSB3073: if ERRORLEVEL 1 ( [P:\projects\Documentation\Solution\Build\BuildAll\BuildAll.vcxproj]
C:\Program Files (x86)\Microsoft Visual Studio\2017\Community\Common7\IDE\VC\VCTargets\Microsoft.CppCommon.targets(133,5): error MSB3073: echo ... failed [%ERRORLEVEL%]. [P:\projects\Documentation\Solution\Build\BuildAll\BuildAll.vcxproj]
C:\Program Files (x86)\Microsoft Visual Studio\2017\Community\Common7\IDE\VC\VCTargets\Microsoft.CppCommon.targets(133,5): error MSB3073: goto EndDocumentation [P:\projects\Documentation\Solution\Build\BuildAll\BuildAll.vcxproj]
C:\Program Files (x86)\Microsoft Visual Studio\2017\Community\Common7\IDE\VC\VCTargets\Microsoft.CppCommon.targets(133,5): error MSB3073: ) else ( [P:\projects\Documentation\Solution\Build\BuildAll\BuildAll.vcxproj]
C:\Program Files (x86)\Microsoft Visual Studio\2017\Community\Common7\IDE\VC\VCTargets\Microsoft.CppCommon.targets(133,5): error MSB3073: echo ... successful. [P:\projects\Documentation\Solution\Build\BuildAll\BuildAll.vcxproj]
C:\Program Files (x86)\Microsoft Visual Studio\2017\Community\Common7\IDE\VC\VCTargets\Microsoft.CppCommon.targets(133,5): error MSB3073: ) [P:\projects\Documentation\Solution\Build\BuildAll\BuildAll.vcxproj]
C:\Program Files (x86)\Microsoft Visual Studio\2017\Community\Common7\IDE\VC\VCTargets\Microsoft.CppCommon.targets(133,5): error MSB3073:  [P:\projects\Documentation\Solution\Build\BuildAll\BuildAll.vcxproj]
C:\Program Files (x86)\Microsoft Visual Studio\2017\Community\Common7\IDE\VC\VCTargets\Microsoft.CppCommon.targets(133,5): error MSB3073: echo Add new files... [P:\projects\Documentation\Solution\Build\BuildAll\BuildAll.vcxproj]
C:\Program Files (x86)\Microsoft Visual Studio\2017\Community\Common7\IDE\VC\VCTargets\Microsoft.CppCommon.targets(133,5): error MSB3073: svn add --force %PathToResultDirectory% [P:\projects\Documentation\Solution\Build\BuildAll\BuildAll.vcxproj]
C:\Program Files (x86)\Microsoft Visual Studio\2017\Community\Common7\IDE\VC\VCTargets\Microsoft.CppCommon.targets(133,5): error MSB3073:  [P:\projects\Documentation\Solution\Build\BuildAll\BuildAll.vcxproj]
C:\Program Files (x86)\Microsoft Visual Studio\2017\Community\Common7\IDE\VC\VCTargets\Microsoft.CppCommon.targets(133,5): error MSB3073: if ERRORLEVEL 1 ( [P:\projects\Documentation\Solution\Build\BuildAll\BuildAll.vcxproj]
C:\Program Files (x86)\Microsoft Visual Studio\2017\Community\Common7\IDE\VC\VCTargets\Microsoft.CppCommon.targets(133,5): error MSB3073: echo ... failed [%ERRORLEVEL%]. [P:\projects\Documentation\Solution\Build\BuildAll\BuildAll.vcxproj]
C:\Program Files (x86)\Microsoft Visual Studio\2017\Community\Common7\IDE\VC\VCTargets\Microsoft.CppCommon.targets(133,5): error MSB3073: goto EndDocumentation [P:\projects\Documentation\Solution\Build\BuildAll\BuildAll.vcxproj]
C:\Program Files (x86)\Microsoft Visual Studio\2017\Community\Common7\IDE\VC\VCTargets\Microsoft.CppCommon.targets(133,5): error MSB3073: ) else ( [P:\projects\Documentation\Solution\Build\BuildAll\BuildAll.vcxproj]
C:\Program Files (x86)\Microsoft Visual Studio\2017\Community\Common7\IDE\VC\VCTargets\Microsoft.CppCommon.targets(133,5): error MSB3073: echo ... successful. [P:\projects\Documentation\Solution\Build\BuildAll\BuildAll.vcxproj]
C:\Program Files (x86)\Microsoft Visual Studio\2017\Community\Common7\IDE\VC\VCTargets\Microsoft.CppCommon.targets(133,5): error MSB3073: ) [P:\projects\Documentation\Solution\Build\BuildAll\BuildAll.vcxproj]
C:\Program Files (x86)\Microsoft Visual Studio\2017\Community\Common7\IDE\VC\VCTargets\Microsoft.CppCommon.targets(133,5): error MSB3073:  [P:\projects\Documentation\Solution\Build\BuildAll\BuildAll.vcxproj]
C:\Program Files (x86)\Microsoft Visual Studio\2017\Community\Common7\IDE\VC\VCTargets\Microsoft.CppCommon.targets(133,5): error MSB3073: echo Commit documentation... [P:\projects\Documentation\Solution\Build\BuildAll\BuildAll.vcxproj]
C:\Program Files (x86)\Microsoft Visual Studio\2017\Community\Common7\IDE\VC\VCTargets\Microsoft.CppCommon.targets(133,5): error MSB3073: svn.exe commit %PathToResultDirectory% -m "[%DOXYGEN_NAME%] Update documentation (v%VERSION_SOLUTION%)." [P:\projects\Documentation\Solution\Build\BuildAll\BuildAll.vcxproj]
C:\Program Files (x86)\Microsoft Visual Studio\2017\Community\Common7\IDE\VC\VCTargets\Microsoft.CppCommon.targets(133,5): error MSB3073:  [P:\projects\Documentation\Solution\Build\BuildAll\BuildAll.vcxproj]
C:\Program Files (x86)\Microsoft Visual Studio\2017\Community\Common7\IDE\VC\VCTargets\Microsoft.CppCommon.targets(133,5): error MSB3073: if ERRORLEVEL 1 ( [P:\projects\Documentation\Solution\Build\BuildAll\BuildAll.vcxproj]
C:\Program Files (x86)\Microsoft Visual Studio\2017\Community\Common7\IDE\VC\VCTargets\Microsoft.CppCommon.targets(133,5): error MSB3073: echo ... failed [%ERRORLEVEL%]. [P:\projects\Documentation\Solution\Build\BuildAll\BuildAll.vcxproj]
C:\Program Files (x86)\Microsoft Visual Studio\2017\Community\Common7\IDE\VC\VCTargets\Microsoft.CppCommon.targets(133,5): error MSB3073: goto EndDocumentation [P:\projects\Documentation\Solution\Build\BuildAll\BuildAll.vcxproj]
C:\Program Files (x86)\Microsoft Visual Studio\2017\Community\Common7\IDE\VC\VCTargets\Microsoft.CppCommon.targets(133,5): error MSB3073: ) [P:\projects\Documentation\Solution\Build\BuildAll\BuildAll.vcxproj]
C:\Program Files (x86)\Microsoft Visual Studio\2017\Community\Common7\IDE\VC\VCTargets\Microsoft.CppCommon.targets(133,5): error MSB3073:  [P:\projects\Documentation\Solution\Build\BuildAll\BuildAll.vcxproj]
C:\Program Files (x86)\Microsoft Visual Studio\2017\Community\Common7\IDE\VC\VCTargets\Microsoft.CppCommon.targets(133,5): error MSB3073: echo ... successful. [P:\projects\Documentation\Solution\Build\BuildAll\BuildAll.vcxproj]
C:\Program Files (x86)\Microsoft Visual Studio\2017\Community\Common7\IDE\VC\VCTargets\Microsoft.CppCommon.targets(133,5): error MSB3073:  [P:\projects\Documentation\Solution\Build\BuildAll\BuildAll.vcxproj]
C:\Program Files (x86)\Microsoft Visual Studio\2017\Community\Common7\IDE\VC\VCTargets\Microsoft.CppCommon.targets(133,5): error MSB3073: :EndDocumentation [P:\projects\Documentation\Solution\Build\BuildAll\BuildAll.vcxproj]
C:\Program Files (x86)\Microsoft Visual Studio\2017\Community\Common7\IDE\VC\VCTargets\Microsoft.CppCommon.targets(133,5): error MSB3073:  [P:\projects\Documentation\Solution\Build\BuildAll\BuildAll.vcxproj]
C:\Program Files (x86)\Microsoft Visual Studio\2017\Community\Common7\IDE\VC\VCTargets\Microsoft.CppCommon.targets(133,5): error MSB3073: :VCEnd" —Å –∫–æ–¥–æ–º -1. [P:\projects\Documentation\Solution\Build\BuildAll\BuildAll.vcxproj]
 </div></div><!-- contents -->
</div><!-- doc-content -->
<!-- start footer part -->
<div id="nav-path" class="navpath"><!-- id is needed for treeview function! -->
  <ul>
    <li class="navelem"><a class="el" href="index.html">notitle</a></li><li class="navelem"><a class="el" href="a30836.html">–°—Ç—Ä—É–∫—Ç—É—Ä–∞ —Ä–µ—à–µ–Ω–∏—è</a></li><li class="navelem"><a class="el" href="a30827.html">–ò–Ω—Ñ–æ—Ä–º–∞—Ü–∏—è –æ —Ä–∞–±–æ—Ç–µ –Ω–∞–¥ —Ä–µ—à–µ–Ω–∏–µ–º</a></li>
    <li class="footer">–î–æ–∫—É–º–µ–Ω—Ç–∞—Ü–∏—è –ø–æ Documentation. –ü–æ—Å–ª–µ–¥–Ω–∏–µ –∏–∑–º–µ–Ω–µ–Ω–∏—è: –°—Ä 6 –ò—é–Ω 2018 12:34:04. –°–æ–∑–¥–∞–Ω–æ —Å–∏—Å—Ç–µ–º–æ–π
    <a href="http://www.doxygen.org/index.html">
    <img class="footer" src="doxygen.png" alt="doxygen"/></a> 1.8.14 </li>
  </ul>
</div>
</body>
</html>
